{"/Users/mingyang/Desktop/ashe-design/src/components/button/button.tsx": {"path":"/Users/mingyang/Desktop/ashe-design/src/components/button/button.tsx","statementMap":{"0":{"start":{"line":29,"column":20},"end":{"line":32,"column":1}},"1":{"start":{"line":35,"column":63},"end":{"line":43,"column":1}},"2":{"start":{"line":36,"column":27},"end":{"line":39,"column":3}},"3":{"start":{"line":40,"column":2},"end":{"line":42,"column":8}}},"fnMap":{"0":{"name":"(anonymous_0)","decl":{"start":{"line":31,"column":11},"end":{"line":31,"column":12}},"loc":{"start":{"line":31,"column":17},"end":{"line":31,"column":19}},"line":31},"1":{"name":"(anonymous_1)","decl":{"start":{"line":35,"column":63},"end":{"line":35,"column":64}},"loc":{"start":{"line":35,"column":74},"end":{"line":43,"column":1}},"line":35}},"branchMap":{},"s":{"0":1,"1":1,"2":1,"3":1},"f":{"0":0,"1":1},"b":{},"_coverageSchema":"1a1c01bbd47fc00a2c39e90264f33305004495a9","hash":"88c5f195eb6fc18236f317dc2e81f74f21086f46"}
}
